<?xml version="1.0" encoding="UTF-8"?>
<beans xmlns="http://www.springframework.org/schema/beans"
       xmlns:xsi="http://www.w3.org/2001/XMLSchema-instance"
       xmlns:context="http://www.springframework.org/schema/context"
       xmlns:mockito="http://www.mockito.org/spring/mockito"
       xsi:schemaLocation="http://www.springframework.org/schema/beans 
	       http://www.springframework.org/schema/beans/spring-beans.xsd
	       http://www.springframework.org/schema/context 
	       http://www.springframework.org/schema/context/spring-context-3.0.xsd"
	       >

  <bean id="competitionControl"
        class="org.mockito.Mockito"
        factory-method="mock">
    <constructor-arg value="org.powertac.common.interfaces.CompetitionControl" />
  </bean>

  <bean id="randomSeedRepo"
        class="org.mockito.Mockito"
        factory-method="mock">
    <constructor-arg value="org.powertac.common.repo.RandomSeedRepo" />
  </bean>

  <context:annotation-config />
  <context:component-scan base-package="org.powertac" />

  <bean id="springApplicationContext"
        class="org.powertac.common.spring.SpringApplicationContext" />

</beans>
